2024-12-10 20:38:32,021 - ERROR - Error al cargar el modelo desde modelo_trained.keras: No file or directory found at modelo_trained.keras
2024-12-10 20:41:48,446 - ERROR - Error al cargar los datos: [Errno 2] No such file or directory: 'corrientes.csv'
2024-12-10 20:41:48,447 - ERROR - Error al cargar los datos: [Errno 2] No such file or directory: 'corrientes.csv'
2024-12-10 20:44:04,449 - ERROR - Error al cargar los datos: 'timestamp'
2024-12-10 20:44:04,747 - ERROR - Error al cargar los datos: 'timestamp'
2024-12-10 20:46:14,129 - ERROR - Error al cargar los datos: 'timestamp'
2024-12-10 20:46:25,593 - ERROR - Error al cargar los datos: 'timestamp'
2024-12-10 20:46:25,687 - ERROR - Error al cargar los datos: 'timestamp'
2024-12-10 20:48:22,197 - ERROR - Error al cargar los datos: 'timestamp'
2024-12-10 20:48:22,319 - ERROR - Error al cargar los datos: 'timestamp'
2024-12-10 20:49:56,883 - ERROR - Error al cargar los datos: 'timestamp'
2024-12-10 20:49:56,988 - ERROR - Error al cargar los datos: 'timestamp'
2024-12-10 20:50:19,802 - ERROR - Error al cargar los datos: 'timestamp'
2024-12-10 20:50:19,906 - ERROR - Error al cargar los datos: 'timestamp'
2024-12-10 20:52:58,975 - ERROR - Error al cargar los datos: 'timestamp'
2024-12-10 20:52:58,980 - ERROR - Error al cargar los datos: Missing column provided to 'parse_dates': 'timestamp'
2024-12-10 20:54:07,323 - ERROR - Error al cargar los datos: 'timestamp'
2024-12-10 20:54:07,613 - ERROR - Error al cargar los datos: 'timestamp'
2024-12-10 21:02:02,169 - ERROR - Error al cargar los datos: 'timestamp'
2024-12-10 21:02:02,466 - ERROR - Error al cargar los datos: 'timestamp'
2024-12-10 21:04:08,079 - ERROR - Error al cargar los datos: 'timestamp'
2024-12-10 21:04:08,349 - ERROR - Error al cargar los datos: 'timestamp'
2024-12-10 21:04:51,484 - ERROR - Error al cargar los datos: 'timestamp'
2024-12-10 21:04:51,752 - ERROR - Error al cargar los datos: 'timestamp'
2024-12-10 21:06:00,453 - ERROR - Error al cargar los datos: 'timestamp'
2024-12-10 21:06:30,093 - ERROR - Error al cargar los datos: 'timestamp'
2024-12-10 21:06:30,177 - ERROR - Error en la carga de los datos: "La columna 'timestamp' no se encuentra en el archivo CSV."
2024-12-10 21:08:04,989 - ERROR - Error al cargar los datos: 'timestamp'
2024-12-10 21:08:05,081 - ERROR - Error al cargar los datos: time data "2022-01-13 00:00:00;;;" doesn't match format "%Y-%d-%m %H:%M:%S;;;", at position 1152. You might want to try:
    - passing `format` if your strings have a consistent format;
    - passing `format='ISO8601'` if your strings are all ISO8601 but not necessarily in exactly the same format;
    - passing `format='mixed'`, and the format will be inferred for each element individually. You might want to use `dayfirst` alongside this.
2024-12-10 21:10:45,301 - ERROR - Error al cargar los datos: 'id'
2024-12-10 21:10:45,383 - ERROR - Error al cargar los datos: time data "2022-01-13 00:00:00" doesn't match format "%Y-%d-%m %H:%M:%S", at position 1152. You might want to try:
    - passing `format` if your strings have a consistent format;
    - passing `format='ISO8601'` if your strings are all ISO8601 but not necessarily in exactly the same format;
    - passing `format='mixed'`, and the format will be inferred for each element individually. You might want to use `dayfirst` alongside this.
2024-12-10 21:11:38,258 - ERROR - Error al cargar los datos: 'id'
2024-12-10 21:11:38,342 - ERROR - Error en la carga de los datos: "La columna 'timestamp' no se encuentra en el archivo CSV."
2024-12-10 22:28:13,928 - ERROR - Error al cargar los datos: 'id'
2024-12-10 22:28:13,930 - ERROR - Error al cargar los datos: [Errno 2] No such file or directory: 'potencias2_act.xlsx'
2024-12-10 22:28:43,561 - ERROR - Error al cargar los datos: 'id'
2024-12-10 22:28:43,563 - ERROR - Error al cargar los datos: [Errno 2] No such file or directory: 'potencias2.xlsx'
2024-12-10 22:31:15,918 - ERROR - Error al cargar los datos: 'id'
2024-12-10 22:31:16,451 - ERROR - Error en la conversión de fechas: Algunas fechas no pudieron ser convertidas correctamente.
2024-12-10 22:34:21,649 - ERROR - Error al cargar los datos: 'id'
2024-12-10 22:34:22,027 - INFO - Datos cargados y filtrados. Total de registros: 24087
2024-12-10 22:34:22,036 - INFO - Creando ventanas.
2024-12-10 22:34:22,500 - INFO - Ventanas creadas
2024-12-10 22:36:15,930 - ERROR - Error al cargar los datos: 'id'
2024-12-10 22:36:16,378 - INFO - Datos cargados y filtrados. Total de registros: 24087
2024-12-10 22:36:16,386 - INFO - Creando ventanas.
2024-12-10 22:36:16,837 - INFO - Ventanas creadas
2024-12-10 22:37:46,311 - ERROR - Error al cargar los datos: 'id'
2024-12-10 22:37:46,706 - INFO - Datos cargados y filtrados. Total de registros: 24087
2024-12-10 22:37:46,732 - INFO - Creando ventanas.
2024-12-10 22:37:47,254 - INFO - Ventanas creadas
2024-12-10 22:38:56,472 - ERROR - Error al cargar los datos: 'id'
2024-12-10 22:38:56,866 - INFO - Datos cargados y filtrados. Total de registros: 24087
2024-12-10 22:38:56,872 - INFO - Creando ventanas.
2024-12-10 22:38:57,644 - INFO - Ventanas creadas
2024-12-10 22:39:25,816 - DEBUG - Creating converter from 5 to 3
2024-12-10 22:41:26,199 - INFO - Assets written to: modelos/modelo_1.2.29\modelo\assets
2024-12-10 22:51:04,803 - ERROR - Error al cargar los datos: 'id'
2024-12-10 22:51:05,211 - INFO - Datos cargados y filtrados. Total de registros: 24087
2024-12-10 22:51:05,220 - INFO - Creando ventanas.
2024-12-10 22:51:06,035 - INFO - Ventanas creadas
2024-12-10 22:51:37,842 - DEBUG - Creating converter from 5 to 3
2024-12-10 22:54:10,753 - INFO - Assets written to: modelos/modelo 1.2.29\modelo\assets
2024-12-10 22:57:36,457 - ERROR - Error al cargar los datos: 'id'
2024-12-10 22:57:36,842 - INFO - Datos cargados y filtrados. Total de registros: 24087
2024-12-10 22:57:36,849 - INFO - Creando ventanas.
2024-12-10 22:57:37,576 - INFO - Ventanas creadas
2024-12-10 22:58:03,638 - DEBUG - Creating converter from 5 to 3
2024-12-10 23:00:14,753 - ERROR - Error al cargar los datos: 'id'
2024-12-10 23:00:15,181 - INFO - Datos cargados y filtrados. Total de registros: 24087
2024-12-10 23:00:15,187 - INFO - Creando ventanas.
2024-12-10 23:00:15,906 - INFO - Ventanas creadas
2024-12-10 23:00:44,172 - DEBUG - Creating converter from 5 to 3
2024-12-10 23:02:49,119 - INFO - Assets written to: modelos/modelo 1.2.29\modelo\assets
2024-12-10 23:06:44,528 - ERROR - Error al cargar los datos: 'id'
2024-12-10 23:06:44,913 - INFO - Datos cargados y filtrados. Total de registros: 24087
2024-12-10 23:06:44,921 - INFO - Creando ventanas.
2024-12-10 23:06:45,615 - INFO - Ventanas creadas
2024-12-10 23:07:12,215 - DEBUG - Creating converter from 5 to 3
2024-12-10 23:09:43,569 - INFO - Assets written to: modelos/modelo 1.2.29\modelo\assets
2024-12-10 23:19:07,738 - ERROR - Error al cargar los datos: 'id'
2024-12-10 23:19:08,258 - INFO - Datos cargados y filtrados. Total de registros: 24087
2024-12-10 23:19:08,269 - INFO - Creando ventanas.
2024-12-10 23:19:09,141 - INFO - Ventanas creadas
2024-12-10 23:20:10,366 - DEBUG - Creating converter from 5 to 3
2024-12-10 23:23:25,241 - INFO - Assets written to: modelos/modelo 1.2.29\modelo\assets
2024-12-10 23:27:27,937 - ERROR - Error al cargar los datos: 'id'
2024-12-10 23:27:28,302 - INFO - Datos cargados y filtrados. Total de registros: 24087
2024-12-10 23:27:28,308 - INFO - Creando ventanas.
2024-12-10 23:27:29,031 - INFO - Ventanas creadas
2024-12-10 23:27:50,993 - DEBUG - Creating converter from 5 to 3
2024-12-10 23:28:31,544 - INFO - Assets written to: modelos/modelo 1.2.29\modelo\assets
2024-12-10 23:45:45,424 - ERROR - Error al cargar los datos: 'id'
2024-12-10 23:45:45,802 - INFO - Datos cargados y filtrados. Total de registros: 24087
2024-12-10 23:45:45,809 - INFO - Creando ventanas.
2024-12-10 23:45:46,516 - INFO - Ventanas creadas
2024-12-10 23:46:08,016 - DEBUG - Creating converter from 5 to 3
2024-12-10 23:48:51,708 - ERROR - Error al cargar los datos: 'id'
2024-12-10 23:48:52,052 - INFO - Datos cargados y filtrados. Total de registros: 24087
2024-12-10 23:48:52,072 - INFO - Creando ventanas.
2024-12-10 23:48:52,779 - INFO - Ventanas creadas
2024-12-10 23:49:14,598 - DEBUG - Creating converter from 5 to 3
2024-12-10 23:51:42,673 - ERROR - Error al cargar los datos: 'id'
2024-12-10 23:51:43,040 - INFO - Datos cargados y filtrados. Total de registros: 24087
2024-12-10 23:51:43,048 - INFO - Creando ventanas.
2024-12-10 23:51:43,755 - INFO - Ventanas creadas
2024-12-10 23:52:01,969 - DEBUG - Creating converter from 5 to 3
2024-12-10 23:52:27,659 - INFO - Assets written to: modelos/modelo 1.2.29\modelo\assets
2024-12-11 00:05:36,171 - ERROR - Error al cargar los datos: 'id'
2024-12-11 00:05:36,549 - INFO - Datos cargados y filtrados. Total de registros: 101215
2024-12-11 00:05:36,557 - INFO - Creando ventanas.
2024-12-11 00:05:39,687 - INFO - Ventanas creadas
2024-12-11 00:06:02,214 - DEBUG - Creating converter from 5 to 3
2024-12-11 00:06:47,550 - INFO - Assets written to: modelos/modelo 0.1.1.29\modelo\assets
2024-12-11 00:07:38,280 - ERROR - Error al cargar los datos: 'id'
2024-12-11 00:07:38,648 - INFO - Datos cargados y filtrados. Total de registros: 101215
2024-12-11 00:07:38,648 - INFO - Creando ventanas.
2024-12-11 00:07:41,582 - INFO - Ventanas creadas
2024-12-11 00:08:04,497 - DEBUG - Creating converter from 5 to 3
2024-12-11 00:08:51,664 - INFO - Assets written to: modelos/modelo 0.1.1.3\modelo\assets
2024-12-11 00:10:03,606 - ERROR - Error al cargar los datos: 'id'
2024-12-11 00:10:03,987 - INFO - Datos cargados y filtrados. Total de registros: 101215
2024-12-11 00:10:04,000 - INFO - Creando ventanas.
2024-12-11 00:10:07,031 - INFO - Ventanas creadas
2024-12-11 00:10:29,991 - DEBUG - Creating converter from 5 to 3
2024-12-11 00:11:15,702 - INFO - Assets written to: modelos/modelo 0.1.1.3\modelo\assets
2024-12-11 00:12:53,420 - ERROR - Error al cargar los datos: 'id'
2024-12-11 00:12:53,794 - INFO - Datos cargados y filtrados. Total de registros: 101215
2024-12-11 00:12:53,802 - INFO - Creando ventanas.
2024-12-11 00:12:56,779 - INFO - Ventanas creadas
2024-12-11 00:50:32,085 - DEBUG - Creating converter from 5 to 3
2024-12-11 08:05:13,691 - INFO - Assets written to: modelos/modelo 0.1.1.3\modelo\assets
2024-12-11 11:36:03,889 - ERROR - Error al cargar los datos: 'id'
2024-12-11 11:36:04,078 - INFO - Datos cargados y filtrados. Total de registros: 101215
2024-12-11 11:36:04,083 - INFO - Creando ventanas.
2024-12-11 11:36:05,347 - INFO - Ventanas creadas
2024-12-11 11:36:47,144 - DEBUG - Creating converter from 5 to 3
2024-12-11 12:50:59,156 - INFO - Modelo cargado exitosamente desde modelos/modelo 0.0.0.3/modelo.
2024-12-11 12:50:59,193 - INFO - Escaladores cargados exitosamente desde modelos/modelo 0.0.0.3/scalers.pkl.
2024-12-11 12:50:59,816 - INFO - Datos cargados y filtrados. Total de registros: 96995
2024-12-11 12:50:59,827 - INFO - Creando ventanas.
2024-12-11 12:51:00,872 - INFO - Ventanas creadas
2024-12-11 12:51:00,884 - INFO - inicio prediccion
2024-12-11 12:53:13,354 - INFO - Modelo cargado exitosamente desde modelos/modelo 0.0.0.3/modelo.
2024-12-11 12:53:13,373 - INFO - Escaladores cargados exitosamente desde modelos/modelo 0.0.0.3/scalers.pkl.
2024-12-11 12:53:14,116 - INFO - Datos cargados y filtrados. Total de registros: 96995
2024-12-11 12:53:14,122 - INFO - Creando ventanas.
2024-12-11 12:53:15,179 - INFO - Ventanas creadas
2024-12-11 12:53:15,190 - INFO - inicio prediccion
2024-12-11 12:54:23,854 - INFO - Modelo cargado exitosamente desde modelos/modelo 0.0.0.3/modelo.
2024-12-11 12:54:23,878 - INFO - Escaladores cargados exitosamente desde modelos/modelo 0.0.0.3/scalers.pkl.
2024-12-11 12:54:24,437 - INFO - Datos cargados y filtrados. Total de registros: 101215
2024-12-11 12:54:24,449 - INFO - Creando ventanas.
2024-12-11 12:54:25,591 - INFO - Ventanas creadas
2024-12-11 12:54:25,594 - INFO - inicio prediccion
2024-12-11 12:56:05,243 - INFO - Modelo cargado exitosamente desde modelos/modelo 0.0.0.3/modelo.
2024-12-11 12:56:05,264 - INFO - Escaladores cargados exitosamente desde modelos/modelo 0.0.0.3/scalers.pkl.
2024-12-11 12:56:05,783 - INFO - Datos cargados y filtrados. Total de registros: 101215
2024-12-11 12:56:05,789 - INFO - Creando ventanas.
2024-12-11 12:56:06,905 - INFO - Ventanas creadas
2024-12-11 12:56:06,918 - INFO - inicio prediccion
2024-12-11 12:59:03,026 - INFO - Modelo cargado exitosamente desde modelos/modelo 0.0.0.3/modelo.
2024-12-11 12:59:03,034 - INFO - Escaladores cargados exitosamente desde modelos/modelo 0.0.0.3/scalers.pkl.
2024-12-11 12:59:03,642 - INFO - Datos cargados y filtrados. Total de registros: 101215
2024-12-11 12:59:03,650 - INFO - Creando ventanas.
2024-12-11 12:59:04,836 - INFO - Ventanas creadas
2024-12-11 12:59:04,839 - INFO - inicio prediccion
2024-12-11 14:47:04,967 - ERROR - Error al cargar los datos: 'id'
2024-12-11 14:47:05,154 - INFO - Datos cargados y filtrados. Total de registros: 101215
2024-12-11 14:47:05,154 - INFO - Creando ventanas.
2024-12-11 14:47:06,427 - INFO - Ventanas creadas
2024-12-11 14:48:06,422 - DEBUG - Creating converter from 5 to 3
2024-12-11 18:17:16,917 - INFO - Assets written to: modelos/modelo 0.0.5.3\modelo\assets
2024-12-11 18:20:36,307 - INFO - Modelo cargado exitosamente desde modelos/modelo 0.0.5.3/modelo.
2024-12-11 18:20:36,319 - INFO - Escaladores cargados exitosamente desde modelos/modelo 0.0.5.3/scalers.pkl.
2024-12-11 18:20:36,537 - INFO - Datos cargados y filtrados. Total de registros: 101215
2024-12-11 18:20:36,537 - INFO - Creando ventanas.
2024-12-11 18:20:36,960 - INFO - Ventanas creadas
2024-12-11 18:20:36,971 - INFO - inicio prediccion
2024-12-11 18:26:51,559 - ERROR - Error al cargar los datos: 'id'
2024-12-11 18:26:51,744 - INFO - Datos cargados y filtrados. Total de registros: 101215
2024-12-11 18:26:51,749 - INFO - Creando ventanas.
2024-12-11 18:26:53,056 - INFO - Ventanas creadas
2024-12-11 18:27:59,484 - DEBUG - Creating converter from 5 to 3
2024-12-11 21:51:18,957 - INFO - Assets written to: modelos/modelo 0.0.4.3\modelo\assets
2024-12-11 22:35:04,541 - INFO - Modelo cargado exitosamente desde modelos/modelo 0.0.4.3/modelo.
2024-12-11 22:35:04,556 - INFO - Escaladores cargados exitosamente desde modelos/modelo 0.0.4.3/scalers.pkl.
2024-12-11 22:35:04,847 - INFO - Datos cargados y filtrados. Total de registros: 101215
2024-12-11 22:35:04,852 - INFO - Creando ventanas.
2024-12-11 22:35:05,334 - INFO - Ventanas creadas
2024-12-11 22:35:05,339 - INFO - inicio prediccion
2024-12-11 22:35:05,721 - INFO - Modelo cargado exitosamente desde modelos/modelo 0.0.4.3/modelo.
2024-12-11 22:35:05,736 - INFO - Escaladores cargados exitosamente desde modelos/modelo 0.0.4.3/scalers.pkl.
2024-12-11 22:35:06,019 - INFO - Datos cargados y filtrados. Total de registros: 101215
2024-12-11 22:35:06,023 - INFO - Creando ventanas.
2024-12-11 22:35:08,761 - INFO - Ventanas creadas
2024-12-11 22:35:08,770 - INFO - inicio prediccion
2024-12-11 22:42:48,226 - ERROR - Error al cargar los datos: 'id'
2024-12-11 22:42:48,417 - INFO - Datos cargados y filtrados. Total de registros: 101215
2024-12-11 22:42:48,421 - INFO - Creando ventanas.
2024-12-11 22:42:49,676 - INFO - Ventanas creadas
2024-12-11 22:44:34,200 - DEBUG - Creating converter from 5 to 3
2024-12-12 04:17:00,906 - INFO - Assets written to: modelos/modelo 0.0.3.3\modelo\assets
2024-12-12 11:25:07,406 - INFO - Modelo cargado exitosamente desde modelos/modelo 0.0.3.3/modelo.
2024-12-12 11:25:07,422 - INFO - Escaladores cargados exitosamente desde modelos/modelo 0.0.3.3/scalers.pkl.
2024-12-12 11:25:07,645 - INFO - Datos cargados y filtrados. Total de registros: 101215
2024-12-12 11:25:07,651 - INFO - Creando ventanas.
2024-12-12 11:25:08,950 - INFO - Ventanas creadas
2024-12-12 11:25:08,957 - INFO - inicio prediccion
2024-12-12 11:26:42,328 - ERROR - Error al cargar los datos: 'id'
2024-12-12 11:26:42,519 - INFO - Datos cargados y filtrados. Total de registros: 101215
2024-12-12 11:26:42,526 - INFO - Creando ventanas.
2024-12-12 11:26:43,920 - INFO - Ventanas creadas
2024-12-12 11:29:15,801 - DEBUG - Creating converter from 5 to 3
2024-12-12 20:12:48,285 - INFO - Assets written to: modelos/modelo 0.0.2.3\modelo\assets
2024-12-12 20:28:56,226 - ERROR - Error al cargar los datos: 'id'
2024-12-12 20:28:56,414 - INFO - Datos cargados y filtrados. Total de registros: 101215
2024-12-12 20:28:56,419 - INFO - Creando ventanas.
2024-12-12 20:28:57,701 - INFO - Ventanas creadas
2024-12-12 20:30:03,842 - ERROR - Error al cargar los datos: 'id'
2024-12-12 20:30:04,026 - INFO - Datos cargados y filtrados. Total de registros: 101215
2024-12-12 20:30:04,030 - INFO - Creando ventanas.
2024-12-12 20:30:05,292 - INFO - Ventanas creadas
2024-12-12 20:30:35,595 - ERROR - Error al cargar los datos: 'id'
2024-12-12 20:30:35,777 - INFO - Datos cargados y filtrados. Total de registros: 101215
2024-12-12 20:30:35,782 - INFO - Creando ventanas.
2024-12-12 20:30:37,049 - INFO - Ventanas creadas
2024-12-12 20:31:41,233 - DEBUG - Creating converter from 5 to 3
2024-12-12 22:07:24,729 - INFO - Assets written to: modelos/modelo 0.0.2.3test\modelo\assets
2024-12-12 22:24:53,805 - ERROR - Error al cargar los datos: 'id'
2024-12-12 22:24:54,027 - INFO - Datos cargados y filtrados. Total de registros: 101215
2024-12-12 22:24:54,032 - INFO - Creando ventanas.
2024-12-12 22:24:55,318 - INFO - Ventanas creadas
2024-12-12 22:35:37,066 - DEBUG - Creating converter from 5 to 3
2024-12-13 02:40:13,294 - INFO - Assets written to: modelos/modelo 0.0.0.2\modelo\assets
2024-12-13 10:14:15,132 - ERROR - Error al cargar los datos: 'id'
2024-12-13 10:14:15,330 - INFO - Datos cargados y filtrados. Total de registros: 101215
2024-12-13 10:14:15,336 - INFO - Creando ventanas.
2024-12-13 10:14:16,600 - INFO - Ventanas creadas
2024-12-13 10:14:36,358 - DEBUG - Creating converter from 5 to 3
2024-12-13 11:18:33,605 - INFO - Assets written to: modelos/modelo 0.0.5.2\modelo\assets
2024-12-13 11:50:52,825 - ERROR - Error al cargar los datos: 'id'
2024-12-13 11:50:53,018 - INFO - Datos cargados y filtrados. Total de registros: 101215
2024-12-13 11:50:53,023 - INFO - Creando ventanas.
2024-12-13 11:50:54,317 - INFO - Ventanas creadas
2024-12-13 11:51:22,254 - DEBUG - Creating converter from 5 to 3
2024-12-13 13:46:23,755 - INFO - Assets written to: modelos/modelo 0.0.4.2\modelo\assets
2024-12-13 14:26:45,318 - ERROR - Error al cargar los datos: 'id'
2024-12-13 14:26:45,507 - INFO - Datos cargados y filtrados. Total de registros: 101215
2024-12-13 14:26:45,513 - INFO - Creando ventanas.
2024-12-13 14:26:46,799 - INFO - Ventanas creadas
2024-12-13 14:27:27,261 - DEBUG - Creating converter from 5 to 3
2024-12-13 16:42:41,119 - INFO - Assets written to: modelos/modelo 0.0.3.2\modelo\assets
2024-12-13 16:59:12,728 - ERROR - Error al cargar los datos: 'id'
2024-12-13 16:59:12,924 - INFO - Datos cargados y filtrados. Total de registros: 101215
2024-12-13 16:59:12,930 - INFO - Creando ventanas.
2024-12-13 16:59:14,206 - INFO - Ventanas creadas
2024-12-13 17:00:17,231 - DEBUG - Creating converter from 5 to 3
2024-12-13 17:57:58,847 - INFO - Assets written to: modelos/modelo 0.0.2.2\modelo\assets
2024-12-13 18:02:49,531 - ERROR - Error al cargar los datos: 'id'
2024-12-13 18:02:49,713 - INFO - Datos cargados y filtrados. Total de registros: 101215
2024-12-13 18:02:49,719 - INFO - Creando ventanas.
2024-12-13 18:02:50,990 - INFO - Ventanas creadas
2024-12-13 18:06:05,213 - DEBUG - Creating converter from 5 to 3
2024-12-13 18:49:26,010 - INFO - Assets written to: modelos/modelo 0.0.1.2\modelo\assets
2024-12-13 19:18:47,728 - ERROR - Error al cargar los datos: 'id'
2024-12-13 19:18:47,923 - INFO - Datos cargados y filtrados. Total de registros: 101215
2024-12-13 19:18:47,928 - INFO - Creando ventanas.
2024-12-13 19:18:49,259 - INFO - Ventanas creadas
2024-12-13 19:19:06,232 - ERROR - Error al cargar los datos: 'id'
2024-12-13 19:19:06,423 - INFO - Datos cargados y filtrados. Total de registros: 101215
2024-12-13 19:19:06,429 - INFO - Creando ventanas.
2024-12-13 19:19:07,691 - INFO - Ventanas creadas
2024-12-13 19:21:56,985 - ERROR - Error al cargar los datos: 'id'
2024-12-13 19:21:57,171 - INFO - Datos cargados y filtrados. Total de registros: 101215
2024-12-13 19:21:57,177 - INFO - Creando ventanas.
2024-12-13 19:21:58,479 - INFO - Ventanas creadas
2024-12-13 19:30:55,935 - DEBUG - Creating converter from 5 to 3
2024-12-14 01:45:41,948 - INFO - Assets written to: modelos/modelo 0.0.1.3\modelo\assets
2024-12-14 11:11:24,861 - ERROR - Error al cargar los datos: 'id'
2024-12-14 11:11:25,058 - INFO - Datos cargados y filtrados. Total de registros: 101215
2024-12-14 11:11:25,064 - INFO - Creando ventanas.
2024-12-14 11:11:26,329 - INFO - Ventanas creadas
2024-12-14 11:18:56,131 - DEBUG - Creating converter from 5 to 3
2024-12-14 14:01:33,553 - INFO - Assets written to: modelos/modelo 0.0.0.0\modelo\assets
2024-12-14 14:17:00,763 - ERROR - Error al cargar los datos: 'id'
2024-12-14 14:17:00,961 - INFO - Datos cargados y filtrados. Total de registros: 101215
2024-12-14 14:17:00,967 - INFO - Creando ventanas.
2024-12-14 14:17:02,379 - INFO - Ventanas creadas
2024-12-14 14:19:05,237 - DEBUG - Creating converter from 5 to 3
2024-12-14 14:52:01,938 - INFO - Assets written to: modelos/modelo 0.0.1.0\modelo\assets
2024-12-14 14:55:08,982 - ERROR - Error al cargar los datos: 'id'
2024-12-14 14:55:09,178 - INFO - Datos cargados y filtrados. Total de registros: 101215
2024-12-14 14:55:09,183 - INFO - Creando ventanas.
2024-12-14 14:55:10,501 - INFO - Ventanas creadas
2024-12-14 14:55:48,217 - DEBUG - Creating converter from 5 to 3
2024-12-14 16:21:33,031 - INFO - Assets written to: modelos/modelo 0.0.2.0\modelo\assets
2024-12-18 11:58:27,008 - ERROR - Error al cargar los datos: 'id'
2024-12-18 11:58:27,504 - INFO - Datos cargados y filtrados. Total de registros: 101215
2024-12-18 11:58:27,514 - INFO - Creando ventanas.
2024-12-18 11:58:31,264 - INFO - Ventanas creadas
2024-12-18 11:59:12,402 - DEBUG - Creating converter from 5 to 3
2024-12-18 13:26:30,086 - INFO - Assets written to: modelos/modelo 0.0.3.0\modelo\assets
2024-12-18 13:35:18,765 - ERROR - Error al cargar los datos: 'id'
2024-12-18 13:35:18,973 - INFO - Datos cargados y filtrados. Total de registros: 101215
2024-12-18 13:35:18,979 - INFO - Creando ventanas.
2024-12-18 13:35:20,295 - INFO - Ventanas creadas
2024-12-18 13:35:34,940 - DEBUG - Creating converter from 5 to 3
2024-12-18 14:24:39,827 - INFO - Assets written to: modelos/modelo 0.0.4.0\modelo\assets
2024-12-18 15:11:29,752 - ERROR - Error al cargar los datos: 'id'
2024-12-18 15:11:30,024 - INFO - Datos cargados y filtrados. Total de registros: 101215
2024-12-18 15:11:30,030 - INFO - Creando ventanas.
2024-12-18 15:11:31,945 - INFO - Ventanas creadas
2024-12-18 15:11:43,330 - DEBUG - Creating converter from 5 to 3
2024-12-18 15:36:28,989 - INFO - Assets written to: modelos/modelo 0.0.5.0\modelo\assets
2024-12-20 10:54:33,662 - ERROR - Error al cargar los datos: 'id'
2024-12-20 10:54:34,157 - INFO - Datos cargados y filtrados. Total de registros: 101215
2024-12-20 10:54:34,168 - INFO - Creando ventanas.
2024-12-20 10:54:38,068 - INFO - Ventanas creadas
2024-12-20 10:55:04,535 - DEBUG - Creating converter from 5 to 3
2024-12-20 11:59:36,702 - INFO - Assets written to: modelos/modelo 0.0.5.1\modelo\assets
2024-12-20 12:46:38,599 - ERROR - Error al cargar los datos: 'id'
2024-12-20 12:46:38,830 - INFO - Datos cargados y filtrados. Total de registros: 101215
2024-12-20 12:46:38,837 - INFO - Creando ventanas.
2024-12-20 12:46:40,143 - INFO - Ventanas creadas
2024-12-20 12:46:59,851 - DEBUG - Creating converter from 5 to 3
2024-12-20 13:54:27,774 - INFO - Assets written to: modelos/modelo 0.0.4.1\modelo\assets
2024-12-20 15:09:36,124 - ERROR - Error al cargar los datos: 'id'
2024-12-20 15:09:36,343 - INFO - Datos cargados y filtrados. Total de registros: 101215
2024-12-20 15:09:36,350 - INFO - Creando ventanas.
2024-12-20 15:09:37,723 - INFO - Ventanas creadas
2024-12-20 15:10:06,305 - DEBUG - Creating converter from 5 to 3
2024-12-20 16:34:40,853 - INFO - Assets written to: modelos/modelo 0.0.3.1\modelo\assets
2024-12-21 11:21:34,264 - ERROR - Error al cargar los datos: 'id'
2024-12-21 11:21:34,522 - INFO - Datos cargados y filtrados. Total de registros: 101215
2024-12-21 11:21:34,529 - INFO - Creando ventanas.
2024-12-21 11:21:36,359 - INFO - Ventanas creadas
2024-12-21 11:23:31,238 - DEBUG - Creating converter from 5 to 3
2024-12-21 13:56:38,467 - INFO - Assets written to: modelos/modelo 0.0.5.4\modelo\assets
2024-12-21 14:22:52,369 - ERROR - Error al cargar los datos: 'id'
2024-12-21 14:22:52,561 - INFO - Datos cargados y filtrados. Total de registros: 101215
2024-12-21 14:22:52,577 - INFO - Creando ventanas.
2024-12-21 14:22:53,846 - INFO - Ventanas creadas
2024-12-21 14:25:16,427 - DEBUG - Creating converter from 5 to 3
2024-12-21 19:18:29,097 - INFO - Assets written to: modelos/modelo 0.0.4.4\modelo\assets
